Flow report for Aula_Enderecamento
<<<<<<< HEAD
Sun May 02 19:23:14 2021
=======
Sun May 02 19:42:11 2021
>>>>>>> 9b878947d680cd8d2ed93e8ae19d24164df842b0
Quartus Prime Version 20.1.0 Build 711 06/05/2020 SJ Lite Edition


---------------------
; Table of Contents ;
---------------------
  1. Legal Notice
  2. Flow Summary
  3. Flow Settings
  4. Flow Non-Default Global Settings
  5. Flow Elapsed Time
  6. Flow OS Summary
  7. Flow Log
  8. Flow Messages
  9. Flow Suppressed Messages



----------------
; Legal Notice ;
----------------
Copyright (C) 2020  Intel Corporation. All rights reserved.
Your use of Intel Corporation's design tools, logic functions 
and other software and tools, and any partner logic 
functions, and any output files from any of the foregoing 
(including device programming or simulation files), and any 
associated documentation or information are expressly subject 
to the terms and conditions of the Intel Program License 
Subscription Agreement, the Intel Quartus Prime License Agreement,
the Intel FPGA IP License Agreement, or other applicable license
agreement, including, without limitation, that your use is for
the sole purpose of programming logic devices manufactured by
Intel and sold by Intel or its authorized distributors.  Please
refer to the applicable agreement for further details, at
https://fpgasoftware.intel.com/eula.



<<<<<<< HEAD
+---------------------------------------------------------------------------+
; Flow Summary                                                              ;
+-----------------------------+---------------------------------------------+
; Flow Status                 ; Successful - Sun May 02 19:23:14 2021       ;
; Quartus Prime Version       ; 20.1.0 Build 711 06/05/2020 SJ Lite Edition ;
; Revision Name               ; Aula_Enderecamento                          ;
; Top-level Entity Name       ; calculadora                                 ;
; Family                      ; Cyclone V                                   ;
; Device                      ; 5CEBA4F23C7                                 ;
; Timing Models               ; Final                                       ;
; Logic utilization (in ALMs) ; N/A until Partition Merge                   ;
; Total registers             ; N/A until Partition Merge                   ;
; Total pins                  ; N/A until Partition Merge                   ;
; Total virtual pins          ; N/A until Partition Merge                   ;
; Total block memory bits     ; N/A until Partition Merge                   ;
; Total PLLs                  ; N/A until Partition Merge                   ;
; Total DLLs                  ; N/A until Partition Merge                   ;
+-----------------------------+---------------------------------------------+
=======
+-------------------------------------------------------------------------------+
; Flow Summary                                                                  ;
+---------------------------------+---------------------------------------------+
; Flow Status                     ; Successful - Sun May 02 19:42:11 2021       ;
; Quartus Prime Version           ; 20.1.0 Build 711 06/05/2020 SJ Lite Edition ;
; Revision Name                   ; Aula_Enderecamento                          ;
; Top-level Entity Name           ; calculadora                                 ;
; Family                          ; Cyclone V                                   ;
; Device                          ; 5CEBA4F23C7                                 ;
; Timing Models                   ; Final                                       ;
; Logic utilization (in ALMs)     ; 19 / 18,480 ( < 1 % )                       ;
; Total registers                 ; 27                                          ;
; Total pins                      ; 75 / 224 ( 33 % )                           ;
; Total virtual pins              ; 0                                           ;
; Total block memory bits         ; 0 / 3,153,920 ( 0 % )                       ;
; Total DSP Blocks                ; 0 / 66 ( 0 % )                              ;
; Total HSSI RX PCSs              ; 0                                           ;
; Total HSSI PMA RX Deserializers ; 0                                           ;
; Total HSSI TX PCSs              ; 0                                           ;
; Total HSSI PMA TX Serializers   ; 0                                           ;
; Total PLLs                      ; 0 / 4 ( 0 % )                               ;
; Total DLLs                      ; 0 / 4 ( 0 % )                               ;
+---------------------------------+---------------------------------------------+
>>>>>>> 9b878947d680cd8d2ed93e8ae19d24164df842b0


+-----------------------------------------+
; Flow Settings                           ;
+-------------------+---------------------+
; Option            ; Setting             ;
+-------------------+---------------------+
<<<<<<< HEAD
; Start date & time ; 05/02/2021 19:22:56 ;
=======
; Start date & time ; 05/02/2021 19:40:25 ;
>>>>>>> 9b878947d680cd8d2ed93e8ae19d24164df842b0
; Main task         ; Compilation         ;
; Revision Name     ; Aula_Enderecamento  ;
+-------------------+---------------------+


+-----------------------------------------------------------------------------------------------------------------------------------------------------+
; Flow Non-Default Global Settings                                                                                                                    ;
+-------------------------------------+----------------------------------------+--------------------+-------------+-----------------------------------+
; Assignment Name                     ; Value                                  ; Default Value      ; Entity Name ; Section Id                        ;
+-------------------------------------+----------------------------------------+--------------------+-------------+-----------------------------------+
<<<<<<< HEAD
; COMPILER_SIGNATURE_ID               ; 91767350987.161999417604176            ; --                 ; --          ; --                                ;
=======
; COMPILER_SIGNATURE_ID               ; 110073159321232.161999522502948        ; --                 ; --          ; --                                ;
>>>>>>> 9b878947d680cd8d2ed93e8ae19d24164df842b0
; EDA_GENERATE_FUNCTIONAL_NETLIST     ; Off                                    ; --                 ; --          ; eda_board_design_timing           ;
; EDA_GENERATE_FUNCTIONAL_NETLIST     ; Off                                    ; --                 ; --          ; eda_board_design_boundary_scan    ;
; EDA_GENERATE_FUNCTIONAL_NETLIST     ; Off                                    ; --                 ; --          ; eda_board_design_signal_integrity ;
; EDA_GENERATE_FUNCTIONAL_NETLIST     ; Off                                    ; --                 ; --          ; eda_board_design_symbol           ;
; EDA_OUTPUT_DATA_FORMAT              ; Vhdl                                   ; --                 ; --          ; eda_simulation                    ;
; EDA_SIMULATION_TOOL                 ; ModelSim-Altera (VHDL)                 ; <None>             ; --          ; --                                ;
; EDA_TIME_SCALE                      ; 1 ps                                   ; --                 ; --          ; eda_simulation                    ;
; MAX_CORE_JUNCTION_TEMP              ; 85                                     ; --                 ; --          ; --                                ;
; MIN_CORE_JUNCTION_TEMP              ; 0                                      ; --                 ; --          ; --                                ;
; NUM_PARALLEL_PROCESSORS             ; All                                    ; --                 ; --          ; --                                ;
; PARTITION_COLOR                     ; -- (Not supported for targeted family) ; --                 ; calculadora ; Top                               ;
; PARTITION_FITTER_PRESERVATION_LEVEL ; -- (Not supported for targeted family) ; --                 ; calculadora ; Top                               ;
; PARTITION_NETLIST_TYPE              ; -- (Not supported for targeted family) ; --                 ; calculadora ; Top                               ;
; POWER_BOARD_THERMAL_MODEL           ; None (CONSERVATIVE)                    ; --                 ; --          ; --                                ;
; POWER_PRESET_COOLING_SOLUTION       ; 23 MM HEAT SINK WITH 200 LFPM AIRFLOW  ; --                 ; --          ; --                                ;
; PROJECT_OUTPUT_DIRECTORY            ; output_files                           ; --                 ; --          ; --                                ;
; TOP_LEVEL_ENTITY                    ; calculadora                            ; Aula_Enderecamento ; --          ; --                                ;
; VHDL_INPUT_VERSION                  ; VHDL_2008                              ; VHDL_1993          ; --          ; --                                ;
; VHDL_SHOW_LMF_MAPPING_MESSAGES      ; Off                                    ; --                 ; --          ; --                                ;
+-------------------------------------+----------------------------------------+--------------------+-------------+-----------------------------------+


<<<<<<< HEAD
+----------------------------------------------------------------------------------------------------------------------------+
; Flow Elapsed Time                                                                                                          ;
+------------------------+--------------+-------------------------+---------------------+------------------------------------+
; Module Name            ; Elapsed Time ; Average Processors Used ; Peak Virtual Memory ; Total CPU Time (on all processors) ;
+------------------------+--------------+-------------------------+---------------------+------------------------------------+
; Analysis & Elaboration ; 00:00:19     ; 1.0                     ; 4836 MB             ; 00:00:36                           ;
; Total                  ; 00:00:19     ; --                      ; --                  ; 00:00:36                           ;
+------------------------+--------------+-------------------------+---------------------+------------------------------------+


+--------------------------------------------------------------------------------------+
; Flow OS Summary                                                                      ;
+------------------------+------------------+------------+------------+----------------+
; Module Name            ; Machine Hostname ; OS Name    ; OS Version ; Processor type ;
+------------------------+------------------+------------+------------+----------------+
; Analysis & Elaboration ; joaov            ; Windows 10 ; 10.0       ; x86_64         ;
+------------------------+------------------+------------+------------+----------------+
=======
+--------------------------------------------------------------------------------------------------------------------------+
; Flow Elapsed Time                                                                                                        ;
+----------------------+--------------+-------------------------+---------------------+------------------------------------+
; Module Name          ; Elapsed Time ; Average Processors Used ; Peak Virtual Memory ; Total CPU Time (on all processors) ;
+----------------------+--------------+-------------------------+---------------------+------------------------------------+
; Analysis & Synthesis ; 00:00:24     ; 1.0                     ; 4846 MB             ; 00:00:37                           ;
; Fitter               ; 00:00:47     ; 1.0                     ; 5941 MB             ; 00:00:46                           ;
; Assembler            ; 00:00:10     ; 1.0                     ; 4816 MB             ; 00:00:06                           ;
; Timing Analyzer      ; 00:00:15     ; 1.0                     ; 5021 MB             ; 00:00:09                           ;
; EDA Netlist Writer   ; 00:00:02     ; 1.0                     ; 4717 MB             ; 00:00:01                           ;
; Total                ; 00:01:38     ; --                      ; --                  ; 00:01:39                           ;
+----------------------+--------------+-------------------------+---------------------+------------------------------------+


+------------------------------------------------------------------------------------+
; Flow OS Summary                                                                    ;
+----------------------+------------------+------------+------------+----------------+
; Module Name          ; Machine Hostname ; OS Name    ; OS Version ; Processor type ;
+----------------------+------------------+------------+------------+----------------+
; Analysis & Synthesis ; JOSE-INSPER      ; Windows 10 ; 10.0       ; x86_64         ;
; Fitter               ; JOSE-INSPER      ; Windows 10 ; 10.0       ; x86_64         ;
; Assembler            ; JOSE-INSPER      ; Windows 10 ; 10.0       ; x86_64         ;
; Timing Analyzer      ; JOSE-INSPER      ; Windows 10 ; 10.0       ; x86_64         ;
; EDA Netlist Writer   ; JOSE-INSPER      ; Windows 10 ; 10.0       ; x86_64         ;
+----------------------+------------------+------------+------------+----------------+
>>>>>>> 9b878947d680cd8d2ed93e8ae19d24164df842b0


------------
; Flow Log ;
------------
quartus_map --read_settings_files=on --write_settings_files=off Aula_Enderecamento -c Aula_Enderecamento
quartus_fit --read_settings_files=off --write_settings_files=off Aula_Enderecamento -c Aula_Enderecamento
quartus_asm --read_settings_files=off --write_settings_files=off Aula_Enderecamento -c Aula_Enderecamento
quartus_sta Aula_Enderecamento -c Aula_Enderecamento
quartus_eda --read_settings_files=off --write_settings_files=off Aula_Enderecamento -c Aula_Enderecamento



